#! c:/iverilog-x64/bin/vvp
:ivl_version "10.1 (stable)" "(v10_1_1)";
:ivl_delay_selection "TYPICAL";
:vpi_time_precision + 0;
:vpi_module "system";
:vpi_module "vhdl_sys";
:vpi_module "v2005_math";
:vpi_module "va_math";
:vpi_module "v2009";
S_000000000085c4e0 .scope module, "nibbler_testbench" "nibbler_testbench" 2 22;
 .timescale 0 0;
v000000000090e600_0 .net "carga", 11 0, L_00000000008773d0;  1 drivers
v000000000090d160_0 .var "clk", 0 0;
v000000000090e420_0 .net "direccion", 3 0, L_0000000000877590;  1 drivers
v000000000090cee0_0 .net "fase", 0 0, L_0000000000877440;  1 drivers
v000000000090d340_0 .net "notCarry", 0 0, L_0000000002a14d40;  1 drivers
v000000000090dc00_0 .net "notZero", 0 0, L_0000000002a149c0;  1 drivers
v000000000090d2a0_0 .net "prog", 11 0, L_000000000085bd80;  1 drivers
v000000000090cd00_0 .net "reloj", 0 0, L_0000000000877210;  1 drivers
v000000000090e740_0 .var "reset", 0 0;
v000000000090cf80_0 .net "salida_acumulador", 3 0, L_00000000008777c0;  1 drivers
S_000000000085c660 .scope module, "dut" "NIBBLER" 2 29, 3 18 0, S_000000000085c4e0;
 .timescale 0 0;
    .port_info 0 /INPUT 1 "clk"
    .port_info 1 /INPUT 1 "reset"
    .port_info 2 /OUTPUT 4 "salida_acumulador"
    .port_info 3 /OUTPUT 1 "reloj"
    .port_info 4 /OUTPUT 1 "fase"
    .port_info 5 /OUTPUT 12 "prog"
    .port_info 6 /OUTPUT 4 "direccion"
    .port_info 7 /OUTPUT 1 "notCarry"
    .port_info 8 /OUTPUT 1 "notZero"
    .port_info 9 /OUTPUT 12 "carga"
L_00000000008773d0 .functor BUFZ 12, L_000000000090dd40, C4<000000000000>, C4<000000000000>, C4<000000000000>;
L_00000000008777c0 .functor BUFZ 4, v00000000008af6d0_0, C4<0000>, C4<0000>, C4<0000>;
L_0000000000877210 .functor BUFZ 1, v000000000090d160_0, C4<0>, C4<0>, C4<0>;
L_0000000000877440 .functor BUFZ 1, v00000000029ca890_0, C4<0>, C4<0>, C4<0>;
L_0000000000877590 .functor BUFZ 4, v00000000008aeff0_0, C4<0000>, C4<0000>, C4<0000>;
L_000000000085bd80 .functor BUFZ 12, v00000000029cbdd0_0, C4<000000000000>, C4<000000000000>, C4<000000000000>;
L_0000000002a14d40 .functor BUFZ 1, v00000000029cb290_0, C4<0>, C4<0>, C4<0>;
L_0000000002a149c0 .functor BUFZ 1, v00000000029cb970_0, C4<0>, C4<0>, C4<0>;
v00000000029cb5b0_0 .net "ALU_Result", 3 0, v00000000008af6d0_0;  1 drivers
v00000000029cbd30_0 .net "A_Result", 3 0, v00000000008aec30_0;  1 drivers
v00000000029caed0_0 .net "S", 2 0, v00000000029cb150_0;  1 drivers
v00000000029cbe70_0 .net "address", 11 0, v00000000029cbdd0_0;  1 drivers
v00000000029cab10_0 .net "carga", 11 0, L_00000000008773d0;  alias, 1 drivers
v00000000029cbf10_0 .net "clk", 0 0, v000000000090d160_0;  1 drivers
v00000000029cb650_0 .net "direccion", 3 0, L_0000000000877590;  alias, 1 drivers
v00000000029cabb0_0 .net "fase", 0 0, L_0000000000877440;  alias, 1 drivers
v00000000029caf70_0 .net "flagsOut", 1 0, v00000000029cad90_0;  1 drivers
v00000000029ca250_0 .net "incPC", 0 0, v00000000029cb290_0;  1 drivers
v00000000029cb010_0 .net "instruction", 3 0, v00000000008aeff0_0;  1 drivers
v000000000090e060_0 .net "loadAddress", 11 0, L_000000000090dd40;  1 drivers
v000000000090d840_0 .net "notC", 0 0, v00000000008aeeb0_0;  1 drivers
v000000000090e240_0 .net "notCarry", 0 0, L_0000000002a14d40;  alias, 1 drivers
v000000000090d980_0 .net "notCarryIn", 0 0, v00000000029cbab0_0;  1 drivers
v000000000090d8e0_0 .net "notCsRAM", 0 0, v00000000029ca9d0_0;  1 drivers
v000000000090e100_0 .net "notLoadA", 0 0, v00000000029cb790_0;  1 drivers
v000000000090dca0_0 .net "notLoadFlags", 0 0, v00000000029cac50_0;  1 drivers
v000000000090e7e0_0 .net "notLoadOut", 0 0, v00000000029cb470_0;  1 drivers
v000000000090e2e0_0 .net "notLoadPC", 0 0, v00000000029cb970_0;  1 drivers
v000000000090d3e0_0 .net "notOeALU", 0 0, v00000000029ca070_0;  1 drivers
v000000000090e6a0_0 .net "notOeIN", 0 0, v00000000029cb330_0;  1 drivers
v000000000090cc60_0 .net "notOeOprnd", 0 0, v00000000029cba10_0;  1 drivers
v000000000090e880_0 .net "notWeRAM", 0 0, v00000000029ca2f0_0;  1 drivers
v000000000090e1a0_0 .net "notZ", 0 0, v00000000008af4f0_0;  1 drivers
v000000000090ca80_0 .net "notZero", 0 0, L_0000000002a149c0;  alias, 1 drivers
v000000000090df20_0 .net "operand", 3 0, v00000000008af810_0;  1 drivers
v000000000090c9e0_0 .net "phaseOut", 0 0, v00000000029ca890_0;  1 drivers
v000000000090e380_0 .net "prog", 11 0, L_000000000085bd80;  alias, 1 drivers
v000000000090d0c0_0 .net "programByte", 7 0, L_000000000090e4c0;  1 drivers
v000000000090cb20_0 .net "reloj", 0 0, L_0000000000877210;  alias, 1 drivers
v000000000090d520_0 .net "reset", 0 0, v000000000090e740_0;  1 drivers
v000000000090db60_0 .net "salida_acumulador", 3 0, L_00000000008777c0;  alias, 1 drivers
L_000000000090dd40 .concat [ 8 4 0 0], L_000000000090e4c0, v00000000008af810_0;
S_0000000000897cf0 .scope module, "acumulador" "A" 3 58, 4 9 0, S_000000000085c660;
 .timescale 0 0;
    .port_info 0 /INPUT 1 "clk"
    .port_info 1 /INPUT 1 "reset"
    .port_info 2 /INPUT 4 "ALU_Result"
    .port_info 3 /OUTPUT 4 "A_Result"
v00000000008af270_0 .net "ALU_Result", 3 0, v00000000008af6d0_0;  alias, 1 drivers
v00000000008aec30_0 .var "A_Result", 3 0;
v00000000008af130_0 .net "clk", 0 0, v000000000090d160_0;  alias, 1 drivers
v00000000008aecd0_0 .net "reset", 0 0, v000000000090e740_0;  alias, 1 drivers
E_00000000008b9c50 .event posedge, v00000000008aecd0_0, v00000000008af130_0;
S_0000000000897e70 .scope module, "alu" "ALU" 3 56, 5 9 0, S_000000000085c660;
 .timescale 0 0;
    .port_info 0 /INPUT 1 "notCarryIn"
    .port_info 1 /INPUT 3 "S"
    .port_info 2 /INPUT 4 "A_Result"
    .port_info 3 /INPUT 4 "operand"
    .port_info 4 /INPUT 1 "notOeALU"
    .port_info 5 /OUTPUT 1 "notC"
    .port_info 6 /OUTPUT 1 "notZ"
    .port_info 7 /OUTPUT 4 "ALU_Result"
P_00000000008ba210 .param/l "N" 0 5 9, +C4<00000000000000000000000000000100>;
v00000000008af6d0_0 .var "ALU_Result", 3 0;
v00000000008af310_0 .net "A_Result", 3 0, v00000000008aec30_0;  alias, 1 drivers
v00000000008aee10_0 .net "S", 2 0, v00000000029cb150_0;  alias, 1 drivers
v00000000008af090_0 .net "modeSelect", 3 0, L_000000000090d200;  1 drivers
v00000000008aeeb0_0 .var "notC", 0 0;
v00000000008af450_0 .net "notCarryIn", 0 0, v00000000029cbab0_0;  alias, 1 drivers
v00000000008aef50_0 .net "notOeALU", 0 0, v00000000029ca070_0;  alias, 1 drivers
v00000000008af4f0_0 .var "notZ", 0 0;
v00000000008af8b0_0 .net "operand", 3 0, v00000000008af810_0;  alias, 1 drivers
E_00000000008b9bd0 .event edge, v00000000008af090_0;
L_000000000090d200 .concat [ 3 1 0 0], v00000000029cb150_0, v00000000029cbab0_0;
S_000000000085b520 .scope module, "fetch" "FETCH" 3 46, 6 9 0, S_000000000085c660;
 .timescale 0 0;
    .port_info 0 /INPUT 8 "programByte"
    .port_info 1 /INPUT 1 "clk"
    .port_info 2 /INPUT 1 "phaseOut"
    .port_info 3 /INPUT 1 "reset"
    .port_info 4 /OUTPUT 4 "instruction"
    .port_info 5 /OUTPUT 4 "operand"
v00000000008af770_0 .net "clk", 0 0, v000000000090d160_0;  alias, 1 drivers
v00000000008aeff0_0 .var "instruction", 3 0;
v00000000008af810_0 .var "operand", 3 0;
v00000000008af950_0 .net "phaseOut", 0 0, v00000000029ca890_0;  alias, 1 drivers
v00000000008aea50_0 .net "programByte", 7 0, L_000000000090e4c0;  alias, 1 drivers
v00000000029cb0b0_0 .net "reset", 0 0, v000000000090e740_0;  alias, 1 drivers
S_000000000085b6a0 .scope module, "flags" "FLAGS" 3 48, 7 9 0, S_000000000085c660;
 .timescale 0 0;
    .port_info 0 /INPUT 1 "notC"
    .port_info 1 /INPUT 1 "notZ"
    .port_info 2 /INPUT 1 "reset"
    .port_info 3 /INPUT 1 "clk"
    .port_info 4 /INPUT 1 "notLoadFlags"
    .port_info 5 /OUTPUT 2 "flagsOut"
v00000000029cb1f0_0 .net "clk", 0 0, v000000000090d160_0;  alias, 1 drivers
v00000000029cad90_0 .var "flagsOut", 1 0;
v00000000029cb8d0_0 .net "notC", 0 0, v00000000008aeeb0_0;  alias, 1 drivers
v00000000029ca570_0 .net "notLoadFlags", 0 0, v00000000029cac50_0;  alias, 1 drivers
v00000000029cae30_0 .net "notZ", 0 0, v00000000008af4f0_0;  alias, 1 drivers
v00000000029cb6f0_0 .net "reset", 0 0, v000000000090e740_0;  alias, 1 drivers
S_0000000001206850 .scope module, "micro_rom" "uROM" 3 52, 8 9 0, S_000000000085c660;
 .timescale 0 0;
    .port_info 0 /INPUT 4 "instruction"
    .port_info 1 /INPUT 1 "clk"
    .port_info 2 /INPUT 1 "phaseOut"
    .port_info 3 /INPUT 2 "flagsOut"
    .port_info 4 /OUTPUT 1 "incPC"
    .port_info 5 /OUTPUT 1 "notLoadPC"
    .port_info 6 /OUTPUT 1 "notLoadA"
    .port_info 7 /OUTPUT 1 "notLoadFlags"
    .port_info 8 /OUTPUT 1 "notCarryIn"
    .port_info 9 /OUTPUT 3 "S"
    .port_info 10 /OUTPUT 1 "notCsRAM"
    .port_info 11 /OUTPUT 1 "notWeRAM"
    .port_info 12 /OUTPUT 1 "notOeALU"
    .port_info 13 /OUTPUT 1 "notOeIN"
    .port_info 14 /OUTPUT 1 "notOeOprnd"
    .port_info 15 /OUTPUT 1 "notLoadOut"
v00000000029cb150_0 .var "S", 2 0;
v00000000029cb3d0_0 .net "clk", 0 0, v000000000090d160_0;  alias, 1 drivers
v00000000029ca7f0_0 .net "flagsOut", 1 0, v00000000029cad90_0;  alias, 1 drivers
v00000000029cb290_0 .var "incPC", 0 0;
v00000000029ca610_0 .net "instr", 6 0, L_000000000090d020;  1 drivers
v00000000029ca390_0 .net "instruction", 3 0, v00000000008aeff0_0;  alias, 1 drivers
v00000000029cbab0_0 .var "notCarryIn", 0 0;
v00000000029ca9d0_0 .var "notCsRAM", 0 0;
v00000000029cb790_0 .var "notLoadA", 0 0;
v00000000029cac50_0 .var "notLoadFlags", 0 0;
v00000000029cb470_0 .var "notLoadOut", 0 0;
v00000000029cb970_0 .var "notLoadPC", 0 0;
v00000000029ca070_0 .var "notOeALU", 0 0;
v00000000029cb330_0 .var "notOeIN", 0 0;
v00000000029cba10_0 .var "notOeOprnd", 0 0;
v00000000029ca2f0_0 .var "notWeRAM", 0 0;
v00000000029ca6b0_0 .net "phaseOut", 0 0, v00000000029ca890_0;  alias, 1 drivers
E_00000000008ba5d0 .event edge, v00000000029ca610_0;
L_000000000090d020 .concat [ 1 2 4 0], v00000000029ca890_0, v00000000029cad90_0, v00000000008aeff0_0;
S_00000000008579d0 .scope module, "pc" "PC" 3 42, 9 9 0, S_000000000085c660;
 .timescale 0 0;
    .port_info 0 /INPUT 1 "clk"
    .port_info 1 /INPUT 1 "reset"
    .port_info 2 /INPUT 1 "notLoadPC"
    .port_info 3 /INPUT 1 "incPC"
    .port_info 4 /INPUT 12 "loadAddress"
    .port_info 5 /OUTPUT 12 "address"
P_00000000008b9a10 .param/l "N" 0 9 9, +C4<00000000000000000000000000001100>;
v00000000029cbdd0_0 .var "address", 11 0;
v00000000029ca110_0 .net "clk", 0 0, v000000000090d160_0;  alias, 1 drivers
v00000000029ca750_0 .net "incPC", 0 0, v00000000029cb290_0;  alias, 1 drivers
v00000000029cbb50_0 .net "loadAddress", 11 0, L_000000000090dd40;  alias, 1 drivers
v00000000029ca930_0 .net "notLoadPC", 0 0, v00000000029cb970_0;  alias, 1 drivers
v00000000029cacf0_0 .net "reset", 0 0, v000000000090e740_0;  alias, 1 drivers
E_00000000008ba610 .event posedge, v00000000008aecd0_0;
E_00000000008ba090 .event posedge, v00000000008af130_0;
S_0000000000857b50 .scope module, "phase1" "PHASE" 3 50, 10 9 0, S_000000000085c660;
 .timescale 0 0;
    .port_info 0 /INPUT 1 "clk"
    .port_info 1 /INPUT 1 "reset"
    .port_info 2 /OUTPUT 1 "phaseOut"
v00000000029cb830_0 .net "clk", 0 0, v000000000090d160_0;  alias, 1 drivers
v00000000029ca890_0 .var "phaseOut", 0 0;
v00000000029cbbf0_0 .net "reset", 0 0, v000000000090e740_0;  alias, 1 drivers
S_000000000120d650 .scope module, "prog_rom" "PROG_ROM" 3 44, 11 9 0, S_000000000085c660;
 .timescale 0 0;
    .port_info 0 /INPUT 12 "address"
    .port_info 1 /OUTPUT 8 "programByte"
v00000000029cbc90_0 .net *"_s0", 11 0, L_000000000090dac0;  1 drivers
v00000000029ca4d0_0 .net *"_s2", 13 0, L_000000000090cbc0;  1 drivers
L_00000000029cc038 .functor BUFT 1, C4<00>, C4<0>, C4<0>, C4<0>;
v00000000029ca430_0 .net *"_s5", 1 0, L_00000000029cc038;  1 drivers
v00000000029ca1b0_0 .net "address", 11 0, v00000000029cbdd0_0;  alias, 1 drivers
v00000000029caa70 .array "mem", 4095 0, 11 0;
v00000000029cb510_0 .net "programByte", 7 0, L_000000000090e4c0;  alias, 1 drivers
L_000000000090dac0 .array/port v00000000029caa70, L_000000000090cbc0;
L_000000000090cbc0 .concat [ 12 2 0 0], v00000000029cbdd0_0, L_00000000029cc038;
L_000000000090e4c0 .part L_000000000090dac0, 0, 8;
    .scope S_00000000008579d0;
T_0 ;
    %wait E_00000000008ba090;
    %load/vec4 v00000000029ca930_0;
    %inv;
    %flag_set/vec4 8;
    %jmp/0xz  T_0.0, 8;
    %load/vec4 v00000000029cbb50_0;
    %assign/vec4 v00000000029cbdd0_0, 0;
    %jmp T_0.1;
T_0.0 ;
    %load/vec4 v00000000029ca750_0;
    %flag_set/vec4 8;
    %jmp/0xz  T_0.2, 8;
    %load/vec4 v00000000029cbdd0_0;
    %addi 1, 0, 12;
    %assign/vec4 v00000000029cbdd0_0, 0;
    %jmp T_0.3;
T_0.2 ;
    %load/vec4 v00000000029cbdd0_0;
    %assign/vec4 v00000000029cbdd0_0, 0;
T_0.3 ;
T_0.1 ;
    %jmp T_0;
    .thread T_0;
    .scope S_00000000008579d0;
T_1 ;
    %wait E_00000000008ba610;
    %pushi/vec4 0, 0, 12;
    %assign/vec4 v00000000029cbdd0_0, 0;
    %jmp T_1;
    .thread T_1;
    .scope S_000000000120d650;
T_2 ;
    %vpi_call/w 11 20 "$readmemb", "PROG_ROM_INSTRUCTIONS.txt", v00000000029caa70 {0 0 0};
    %end;
    .thread T_2;
    .scope S_000000000085b520;
T_3 ;
    %wait E_00000000008b9c50;
    %load/vec4 v00000000029cb0b0_0;
    %flag_set/vec4 8;
    %jmp/0xz  T_3.0, 8;
    %pushi/vec4 0, 0, 8;
    %split/vec4 4;
    %assign/vec4 v00000000008af810_0, 0;
    %assign/vec4 v00000000008aeff0_0, 0;
    %jmp T_3.1;
T_3.0 ;
    %load/vec4 v00000000008af950_0;
    %inv;
    %flag_set/vec4 8;
    %jmp/0xz  T_3.2, 8;
    %load/vec4 v00000000008aea50_0;
    %split/vec4 4;
    %assign/vec4 v00000000008af810_0, 0;
    %assign/vec4 v00000000008aeff0_0, 0;
    %jmp T_3.3;
T_3.2 ;
    %load/vec4 v00000000008aeff0_0;
    %load/vec4 v00000000008af810_0;
    %concat/vec4; draw_concat_vec4
    %split/vec4 4;
    %assign/vec4 v00000000008af810_0, 0;
    %assign/vec4 v00000000008aeff0_0, 0;
T_3.3 ;
T_3.1 ;
    %jmp T_3;
    .thread T_3;
    .scope S_000000000085b6a0;
T_4 ;
    %wait E_00000000008b9c50;
    %load/vec4 v00000000029cb6f0_0;
    %flag_set/vec4 8;
    %jmp/0xz  T_4.0, 8;
    %pushi/vec4 0, 0, 2;
    %assign/vec4 v00000000029cad90_0, 0;
    %jmp T_4.1;
T_4.0 ;
    %load/vec4 v00000000029ca570_0;
    %flag_set/vec4 8;
    %jmp/0xz  T_4.2, 8;
    %load/vec4 v00000000029cb8d0_0;
    %load/vec4 v00000000029cae30_0;
    %concat/vec4; draw_concat_vec4
    %assign/vec4 v00000000029cad90_0, 0;
    %jmp T_4.3;
T_4.2 ;
    %load/vec4 v00000000029cad90_0;
    %assign/vec4 v00000000029cad90_0, 0;
T_4.3 ;
T_4.1 ;
    %jmp T_4;
    .thread T_4;
    .scope S_0000000000857b50;
T_5 ;
    %wait E_00000000008b9c50;
    %load/vec4 v00000000029cbbf0_0;
    %flag_set/vec4 8;
    %jmp/0xz  T_5.0, 8;
    %pushi/vec4 0, 0, 1;
    %assign/vec4 v00000000029ca890_0, 0;
    %jmp T_5.1;
T_5.0 ;
    %load/vec4 v00000000029ca890_0;
    %inv;
    %assign/vec4 v00000000029ca890_0, 0;
T_5.1 ;
    %jmp T_5;
    .thread T_5;
    .scope S_0000000001206850;
T_6 ;
    %wait E_00000000008ba5d0;
    %load/vec4 v00000000029ca610_0;
    %dup/vec4;
    %pushi/vec4 0, 126, 7;
    %cmp/z;
    %jmp/1 T_6.0, 4;
    %dup/vec4;
    %pushi/vec4 1, 2, 7;
    %cmp/z;
    %jmp/1 T_6.1, 4;
    %dup/vec4;
    %pushi/vec4 5, 2, 7;
    %cmp/z;
    %jmp/1 T_6.2, 4;
    %dup/vec4;
    %pushi/vec4 9, 2, 7;
    %cmp/z;
    %jmp/1 T_6.3, 4;
    %dup/vec4;
    %pushi/vec4 13, 2, 7;
    %cmp/z;
    %jmp/1 T_6.4, 4;
    %dup/vec4;
    %pushi/vec4 17, 6, 7;
    %cmp/z;
    %jmp/1 T_6.5, 4;
    %dup/vec4;
    %pushi/vec4 17, 6, 7;
    %cmp/z;
    %jmp/1 T_6.6, 4;
    %dup/vec4;
    %pushi/vec4 25, 6, 7;
    %cmp/z;
    %jmp/1 T_6.7, 4;
    %dup/vec4;
    %pushi/vec4 33, 6, 7;
    %cmp/z;
    %jmp/1 T_6.8, 4;
    %dup/vec4;
    %pushi/vec4 41, 6, 7;
    %cmp/z;
    %jmp/1 T_6.9, 4;
    %dup/vec4;
    %pushi/vec4 49, 6, 7;
    %cmp/z;
    %jmp/1 T_6.10, 4;
    %dup/vec4;
    %pushi/vec4 57, 6, 7;
    %cmp/z;
    %jmp/1 T_6.11, 4;
    %dup/vec4;
    %pushi/vec4 65, 4, 7;
    %cmp/z;
    %jmp/1 T_6.12, 4;
    %dup/vec4;
    %pushi/vec4 67, 4, 7;
    %cmp/z;
    %jmp/1 T_6.13, 4;
    %dup/vec4;
    %pushi/vec4 73, 4, 7;
    %cmp/z;
    %jmp/1 T_6.14, 4;
    %dup/vec4;
    %pushi/vec4 75, 4, 7;
    %cmp/z;
    %jmp/1 T_6.15, 4;
    %dup/vec4;
    %pushi/vec4 81, 6, 7;
    %cmp/z;
    %jmp/1 T_6.16, 4;
    %dup/vec4;
    %pushi/vec4 89, 6, 7;
    %cmp/z;
    %jmp/1 T_6.17, 4;
    %dup/vec4;
    %pushi/vec4 97, 6, 7;
    %cmp/z;
    %jmp/1 T_6.18, 4;
    %dup/vec4;
    %pushi/vec4 105, 6, 7;
    %cmp/z;
    %jmp/1 T_6.19, 4;
    %dup/vec4;
    %pushi/vec4 113, 6, 7;
    %cmp/z;
    %jmp/1 T_6.20, 4;
    %dup/vec4;
    %pushi/vec4 121, 6, 7;
    %cmp/z;
    %jmp/1 T_6.21, 4;
    %jmp T_6.22;
T_6.0 ;
    %pushi/vec4 1, 0, 1;
    %store/vec4 v00000000029cb290_0, 0, 1;
    %pushi/vec4 1, 0, 1;
    %store/vec4 v00000000029cb970_0, 0, 1;
    %pushi/vec4 1, 0, 1;
    %store/vec4 v00000000029cb790_0, 0, 1;
    %pushi/vec4 1, 0, 1;
    %store/vec4 v00000000029cac50_0, 0, 1;
    %pushi/vec4 1, 0, 1;
    %store/vec4 v00000000029cbab0_0, 0, 1;
    %pushi/vec4 0, 0, 3;
    %store/vec4 v00000000029cb150_0, 0, 3;
    %pushi/vec4 1, 0, 1;
    %store/vec4 v00000000029ca9d0_0, 0, 1;
    %pushi/vec4 1, 0, 1;
    %store/vec4 v00000000029ca2f0_0, 0, 1;
    %pushi/vec4 0, 0, 1;
    %store/vec4 v00000000029ca070_0, 0, 1;
    %pushi/vec4 1, 0, 1;
    %store/vec4 v00000000029cb330_0, 0, 1;
    %pushi/vec4 1, 0, 1;
    %store/vec4 v00000000029cba10_0, 0, 1;
    %pushi/vec4 1, 0, 1;
    %store/vec4 v00000000029cb470_0, 0, 1;
    %jmp T_6.22;
T_6.1 ;
    %pushi/vec4 0, 0, 1;
    %store/vec4 v00000000029cb290_0, 0, 1;
    %pushi/vec4 0, 0, 1;
    %store/vec4 v00000000029cb970_0, 0, 1;
    %pushi/vec4 1, 0, 1;
    %store/vec4 v00000000029cb790_0, 0, 1;
    %pushi/vec4 1, 0, 1;
    %store/vec4 v00000000029cac50_0, 0, 1;
    %pushi/vec4 1, 0, 1;
    %store/vec4 v00000000029cbab0_0, 0, 1;
    %pushi/vec4 0, 0, 3;
    %store/vec4 v00000000029cb150_0, 0, 3;
    %pushi/vec4 1, 0, 1;
    %store/vec4 v00000000029ca9d0_0, 0, 1;
    %pushi/vec4 1, 0, 1;
    %store/vec4 v00000000029ca2f0_0, 0, 1;
    %pushi/vec4 0, 0, 1;
    %store/vec4 v00000000029ca070_0, 0, 1;
    %pushi/vec4 1, 0, 1;
    %store/vec4 v00000000029cb330_0, 0, 1;
    %pushi/vec4 1, 0, 1;
    %store/vec4 v00000000029cba10_0, 0, 1;
    %pushi/vec4 1, 0, 1;
    %store/vec4 v00000000029cb470_0, 0, 1;
    %jmp T_6.22;
T_6.2 ;
    %pushi/vec4 1, 0, 1;
    %store/vec4 v00000000029cb290_0, 0, 1;
    %pushi/vec4 1, 0, 1;
    %store/vec4 v00000000029cb970_0, 0, 1;
    %pushi/vec4 1, 0, 1;
    %store/vec4 v00000000029cb790_0, 0, 1;
    %pushi/vec4 1, 0, 1;
    %store/vec4 v00000000029cac50_0, 0, 1;
    %pushi/vec4 1, 0, 1;
    %store/vec4 v00000000029cbab0_0, 0, 1;
    %pushi/vec4 0, 0, 3;
    %store/vec4 v00000000029cb150_0, 0, 3;
    %pushi/vec4 1, 0, 1;
    %store/vec4 v00000000029ca9d0_0, 0, 1;
    %pushi/vec4 1, 0, 1;
    %store/vec4 v00000000029ca2f0_0, 0, 1;
    %pushi/vec4 0, 0, 1;
    %store/vec4 v00000000029ca070_0, 0, 1;
    %pushi/vec4 1, 0, 1;
    %store/vec4 v00000000029cb330_0, 0, 1;
    %pushi/vec4 1, 0, 1;
    %store/vec4 v00000000029cba10_0, 0, 1;
    %pushi/vec4 1, 0, 1;
    %store/vec4 v00000000029cb470_0, 0, 1;
    %jmp T_6.22;
T_6.3 ;
    %pushi/vec4 1, 0, 1;
    %store/vec4 v00000000029cb290_0, 0, 1;
    %pushi/vec4 1, 0, 1;
    %store/vec4 v00000000029cb970_0, 0, 1;
    %pushi/vec4 1, 0, 1;
    %store/vec4 v00000000029cb790_0, 0, 1;
    %pushi/vec4 1, 0, 1;
    %store/vec4 v00000000029cac50_0, 0, 1;
    %pushi/vec4 1, 0, 1;
    %store/vec4 v00000000029cbab0_0, 0, 1;
    %pushi/vec4 0, 0, 3;
    %store/vec4 v00000000029cb150_0, 0, 3;
    %pushi/vec4 1, 0, 1;
    %store/vec4 v00000000029ca9d0_0, 0, 1;
    %pushi/vec4 1, 0, 1;
    %store/vec4 v00000000029ca2f0_0, 0, 1;
    %pushi/vec4 0, 0, 1;
    %store/vec4 v00000000029ca070_0, 0, 1;
    %pushi/vec4 1, 0, 1;
    %store/vec4 v00000000029cb330_0, 0, 1;
    %pushi/vec4 1, 0, 1;
    %store/vec4 v00000000029cba10_0, 0, 1;
    %pushi/vec4 1, 0, 1;
    %store/vec4 v00000000029cb470_0, 0, 1;
    %jmp T_6.22;
T_6.4 ;
    %pushi/vec4 0, 0, 1;
    %store/vec4 v00000000029cb290_0, 0, 1;
    %pushi/vec4 0, 0, 1;
    %store/vec4 v00000000029cb970_0, 0, 1;
    %pushi/vec4 1, 0, 1;
    %store/vec4 v00000000029cb790_0, 0, 1;
    %pushi/vec4 1, 0, 1;
    %store/vec4 v00000000029cac50_0, 0, 1;
    %pushi/vec4 1, 0, 1;
    %store/vec4 v00000000029cbab0_0, 0, 1;
    %pushi/vec4 0, 0, 3;
    %store/vec4 v00000000029cb150_0, 0, 3;
    %pushi/vec4 1, 0, 1;
    %store/vec4 v00000000029ca9d0_0, 0, 1;
    %pushi/vec4 1, 0, 1;
    %store/vec4 v00000000029ca2f0_0, 0, 1;
    %pushi/vec4 0, 0, 1;
    %store/vec4 v00000000029ca070_0, 0, 1;
    %pushi/vec4 1, 0, 1;
    %store/vec4 v00000000029cb330_0, 0, 1;
    %pushi/vec4 1, 0, 1;
    %store/vec4 v00000000029cba10_0, 0, 1;
    %pushi/vec4 1, 0, 1;
    %store/vec4 v00000000029cb470_0, 0, 1;
    %jmp T_6.22;
T_6.5 ;
    %pushi/vec4 0, 0, 1;
    %store/vec4 v00000000029cb290_0, 0, 1;
    %pushi/vec4 1, 0, 1;
    %store/vec4 v00000000029cb970_0, 0, 1;
    %pushi/vec4 1, 0, 1;
    %store/vec4 v00000000029cb790_0, 0, 1;
    %pushi/vec4 0, 0, 1;
    %store/vec4 v00000000029cac50_0, 0, 1;
    %pushi/vec4 0, 0, 1;
    %store/vec4 v00000000029cbab0_0, 0, 1;
    %pushi/vec4 1, 0, 3;
    %store/vec4 v00000000029cb150_0, 0, 3;
    %pushi/vec4 1, 0, 1;
    %store/vec4 v00000000029ca9d0_0, 0, 1;
    %pushi/vec4 1, 0, 1;
    %store/vec4 v00000000029ca2f0_0, 0, 1;
    %pushi/vec4 1, 0, 1;
    %store/vec4 v00000000029ca070_0, 0, 1;
    %pushi/vec4 1, 0, 1;
    %store/vec4 v00000000029cb330_0, 0, 1;
    %pushi/vec4 0, 0, 1;
    %store/vec4 v00000000029cba10_0, 0, 1;
    %pushi/vec4 1, 0, 1;
    %store/vec4 v00000000029cb470_0, 0, 1;
    %jmp T_6.22;
T_6.6 ;
    %pushi/vec4 0, 0, 1;
    %store/vec4 v00000000029cb290_0, 0, 1;
    %pushi/vec4 1, 0, 1;
    %store/vec4 v00000000029cb970_0, 0, 1;
    %pushi/vec4 1, 0, 1;
    %store/vec4 v00000000029cb790_0, 0, 1;
    %pushi/vec4 0, 0, 1;
    %store/vec4 v00000000029cac50_0, 0, 1;
    %pushi/vec4 0, 0, 1;
    %store/vec4 v00000000029cbab0_0, 0, 1;
    %pushi/vec4 1, 0, 3;
    %store/vec4 v00000000029cb150_0, 0, 3;
    %pushi/vec4 1, 0, 1;
    %store/vec4 v00000000029ca9d0_0, 0, 1;
    %pushi/vec4 1, 0, 1;
    %store/vec4 v00000000029ca2f0_0, 0, 1;
    %pushi/vec4 1, 0, 1;
    %store/vec4 v00000000029ca070_0, 0, 1;
    %pushi/vec4 1, 0, 1;
    %store/vec4 v00000000029cb330_0, 0, 1;
    %pushi/vec4 0, 0, 1;
    %store/vec4 v00000000029cba10_0, 0, 1;
    %pushi/vec4 1, 0, 1;
    %store/vec4 v00000000029cb470_0, 0, 1;
    %jmp T_6.22;
T_6.7 ;
    %pushi/vec4 1, 0, 1;
    %store/vec4 v00000000029cb290_0, 0, 1;
    %pushi/vec4 1, 0, 1;
    %store/vec4 v00000000029cb970_0, 0, 1;
    %pushi/vec4 1, 0, 1;
    %store/vec4 v00000000029cb790_0, 0, 1;
    %pushi/vec4 0, 0, 1;
    %store/vec4 v00000000029cac50_0, 0, 1;
    %pushi/vec4 0, 0, 1;
    %store/vec4 v00000000029cbab0_0, 0, 1;
    %pushi/vec4 1, 0, 3;
    %store/vec4 v00000000029cb150_0, 0, 3;
    %pushi/vec4 0, 0, 1;
    %store/vec4 v00000000029ca9d0_0, 0, 1;
    %pushi/vec4 1, 0, 1;
    %store/vec4 v00000000029ca2f0_0, 0, 1;
    %pushi/vec4 1, 0, 1;
    %store/vec4 v00000000029ca070_0, 0, 1;
    %pushi/vec4 1, 0, 1;
    %store/vec4 v00000000029cb330_0, 0, 1;
    %pushi/vec4 1, 0, 1;
    %store/vec4 v00000000029cba10_0, 0, 1;
    %pushi/vec4 1, 0, 1;
    %store/vec4 v00000000029cb470_0, 0, 1;
    %jmp T_6.22;
T_6.8 ;
    %pushi/vec4 0, 0, 1;
    %store/vec4 v00000000029cb290_0, 0, 1;
    %pushi/vec4 1, 0, 1;
    %store/vec4 v00000000029cb970_0, 0, 1;
    %pushi/vec4 0, 0, 1;
    %store/vec4 v00000000029cb790_0, 0, 1;
    %pushi/vec4 0, 0, 1;
    %store/vec4 v00000000029cac50_0, 0, 1;
    %pushi/vec4 0, 0, 1;
    %store/vec4 v00000000029cbab0_0, 0, 1;
    %pushi/vec4 2, 0, 3;
    %store/vec4 v00000000029cb150_0, 0, 3;
    %pushi/vec4 1, 0, 1;
    %store/vec4 v00000000029ca9d0_0, 0, 1;
    %pushi/vec4 1, 0, 1;
    %store/vec4 v00000000029ca2f0_0, 0, 1;
    %pushi/vec4 1, 0, 1;
    %store/vec4 v00000000029ca070_0, 0, 1;
    %pushi/vec4 1, 0, 1;
    %store/vec4 v00000000029cb330_0, 0, 1;
    %pushi/vec4 0, 0, 1;
    %store/vec4 v00000000029cba10_0, 0, 1;
    %pushi/vec4 1, 0, 1;
    %store/vec4 v00000000029cb470_0, 0, 1;
    %jmp T_6.22;
T_6.9 ;
    %pushi/vec4 0, 0, 1;
    %store/vec4 v00000000029cb290_0, 0, 1;
    %pushi/vec4 1, 0, 1;
    %store/vec4 v00000000029cb970_0, 0, 1;
    %pushi/vec4 0, 0, 1;
    %store/vec4 v00000000029cb790_0, 0, 1;
    %pushi/vec4 0, 0, 1;
    %store/vec4 v00000000029cac50_0, 0, 1;
    %pushi/vec4 0, 0, 1;
    %store/vec4 v00000000029cbab0_0, 0, 1;
    %pushi/vec4 2, 0, 3;
    %store/vec4 v00000000029cb150_0, 0, 3;
    %pushi/vec4 1, 0, 1;
    %store/vec4 v00000000029ca9d0_0, 0, 1;
    %pushi/vec4 1, 0, 1;
    %store/vec4 v00000000029ca2f0_0, 0, 1;
    %pushi/vec4 1, 0, 1;
    %store/vec4 v00000000029ca070_0, 0, 1;
    %pushi/vec4 0, 0, 1;
    %store/vec4 v00000000029cb330_0, 0, 1;
    %pushi/vec4 1, 0, 1;
    %store/vec4 v00000000029cba10_0, 0, 1;
    %pushi/vec4 1, 0, 1;
    %store/vec4 v00000000029cb470_0, 0, 1;
    %jmp T_6.22;
T_6.10 ;
    %pushi/vec4 1, 0, 1;
    %store/vec4 v00000000029cb290_0, 0, 1;
    %pushi/vec4 1, 0, 1;
    %store/vec4 v00000000029cb970_0, 0, 1;
    %pushi/vec4 0, 0, 1;
    %store/vec4 v00000000029cb790_0, 0, 1;
    %pushi/vec4 0, 0, 1;
    %store/vec4 v00000000029cac50_0, 0, 1;
    %pushi/vec4 0, 0, 1;
    %store/vec4 v00000000029cbab0_0, 0, 1;
    %pushi/vec4 2, 0, 3;
    %store/vec4 v00000000029cb150_0, 0, 3;
    %pushi/vec4 0, 0, 1;
    %store/vec4 v00000000029ca9d0_0, 0, 1;
    %pushi/vec4 1, 0, 1;
    %store/vec4 v00000000029ca2f0_0, 0, 1;
    %pushi/vec4 1, 0, 1;
    %store/vec4 v00000000029ca070_0, 0, 1;
    %pushi/vec4 1, 0, 1;
    %store/vec4 v00000000029cb330_0, 0, 1;
    %pushi/vec4 1, 0, 1;
    %store/vec4 v00000000029cba10_0, 0, 1;
    %pushi/vec4 1, 0, 1;
    %store/vec4 v00000000029cb470_0, 0, 1;
    %jmp T_6.22;
T_6.11 ;
    %pushi/vec4 1, 0, 1;
    %store/vec4 v00000000029cb290_0, 0, 1;
    %pushi/vec4 1, 0, 1;
    %store/vec4 v00000000029cb970_0, 0, 1;
    %pushi/vec4 1, 0, 1;
    %store/vec4 v00000000029cb790_0, 0, 1;
    %pushi/vec4 1, 0, 1;
    %store/vec4 v00000000029cac50_0, 0, 1;
    %pushi/vec4 1, 0, 1;
    %store/vec4 v00000000029cbab0_0, 0, 1;
    %pushi/vec4 0, 0, 3;
    %store/vec4 v00000000029cb150_0, 0, 3;
    %pushi/vec4 0, 0, 1;
    %store/vec4 v00000000029ca9d0_0, 0, 1;
    %pushi/vec4 0, 0, 1;
    %store/vec4 v00000000029ca2f0_0, 0, 1;
    %pushi/vec4 0, 0, 1;
    %store/vec4 v00000000029ca070_0, 0, 1;
    %pushi/vec4 1, 0, 1;
    %store/vec4 v00000000029cb330_0, 0, 1;
    %pushi/vec4 1, 0, 1;
    %store/vec4 v00000000029cba10_0, 0, 1;
    %pushi/vec4 1, 0, 1;
    %store/vec4 v00000000029cb470_0, 0, 1;
    %jmp T_6.22;
T_6.12 ;
    %pushi/vec4 0, 0, 1;
    %store/vec4 v00000000029cb290_0, 0, 1;
    %pushi/vec4 0, 0, 1;
    %store/vec4 v00000000029cb970_0, 0, 1;
    %pushi/vec4 1, 0, 1;
    %store/vec4 v00000000029cb790_0, 0, 1;
    %pushi/vec4 1, 0, 1;
    %store/vec4 v00000000029cac50_0, 0, 1;
    %pushi/vec4 1, 0, 1;
    %store/vec4 v00000000029cbab0_0, 0, 1;
    %pushi/vec4 0, 0, 3;
    %store/vec4 v00000000029cb150_0, 0, 3;
    %pushi/vec4 1, 0, 1;
    %store/vec4 v00000000029ca9d0_0, 0, 1;
    %pushi/vec4 1, 0, 1;
    %store/vec4 v00000000029ca2f0_0, 0, 1;
    %pushi/vec4 0, 0, 1;
    %store/vec4 v00000000029ca070_0, 0, 1;
    %pushi/vec4 1, 0, 1;
    %store/vec4 v00000000029cb330_0, 0, 1;
    %pushi/vec4 1, 0, 1;
    %store/vec4 v00000000029cba10_0, 0, 1;
    %pushi/vec4 1, 0, 1;
    %store/vec4 v00000000029cb470_0, 0, 1;
    %jmp T_6.22;
T_6.13 ;
    %pushi/vec4 1, 0, 1;
    %store/vec4 v00000000029cb290_0, 0, 1;
    %pushi/vec4 1, 0, 1;
    %store/vec4 v00000000029cb970_0, 0, 1;
    %pushi/vec4 1, 0, 1;
    %store/vec4 v00000000029cb790_0, 0, 1;
    %pushi/vec4 1, 0, 1;
    %store/vec4 v00000000029cac50_0, 0, 1;
    %pushi/vec4 1, 0, 1;
    %store/vec4 v00000000029cbab0_0, 0, 1;
    %pushi/vec4 0, 0, 3;
    %store/vec4 v00000000029cb150_0, 0, 3;
    %pushi/vec4 1, 0, 1;
    %store/vec4 v00000000029ca9d0_0, 0, 1;
    %pushi/vec4 1, 0, 1;
    %store/vec4 v00000000029ca2f0_0, 0, 1;
    %pushi/vec4 0, 0, 1;
    %store/vec4 v00000000029ca070_0, 0, 1;
    %pushi/vec4 1, 0, 1;
    %store/vec4 v00000000029cb330_0, 0, 1;
    %pushi/vec4 1, 0, 1;
    %store/vec4 v00000000029cba10_0, 0, 1;
    %pushi/vec4 1, 0, 1;
    %store/vec4 v00000000029cb470_0, 0, 1;
    %jmp T_6.22;
T_6.14 ;
    %pushi/vec4 1, 0, 1;
    %store/vec4 v00000000029cb290_0, 0, 1;
    %pushi/vec4 1, 0, 1;
    %store/vec4 v00000000029cb970_0, 0, 1;
    %pushi/vec4 1, 0, 1;
    %store/vec4 v00000000029cb790_0, 0, 1;
    %pushi/vec4 1, 0, 1;
    %store/vec4 v00000000029cac50_0, 0, 1;
    %pushi/vec4 1, 0, 1;
    %store/vec4 v00000000029cbab0_0, 0, 1;
    %pushi/vec4 0, 0, 3;
    %store/vec4 v00000000029cb150_0, 0, 3;
    %pushi/vec4 1, 0, 1;
    %store/vec4 v00000000029ca9d0_0, 0, 1;
    %pushi/vec4 1, 0, 1;
    %store/vec4 v00000000029ca2f0_0, 0, 1;
    %pushi/vec4 0, 0, 1;
    %store/vec4 v00000000029ca070_0, 0, 1;
    %pushi/vec4 1, 0, 1;
    %store/vec4 v00000000029cb330_0, 0, 1;
    %pushi/vec4 1, 0, 1;
    %store/vec4 v00000000029cba10_0, 0, 1;
    %pushi/vec4 1, 0, 1;
    %store/vec4 v00000000029cb470_0, 0, 1;
    %jmp T_6.22;
T_6.15 ;
    %pushi/vec4 0, 0, 1;
    %store/vec4 v00000000029cb290_0, 0, 1;
    %pushi/vec4 0, 0, 1;
    %store/vec4 v00000000029cb970_0, 0, 1;
    %pushi/vec4 1, 0, 1;
    %store/vec4 v00000000029cb790_0, 0, 1;
    %pushi/vec4 1, 0, 1;
    %store/vec4 v00000000029cac50_0, 0, 1;
    %pushi/vec4 1, 0, 1;
    %store/vec4 v00000000029cbab0_0, 0, 1;
    %pushi/vec4 0, 0, 3;
    %store/vec4 v00000000029cb150_0, 0, 3;
    %pushi/vec4 1, 0, 1;
    %store/vec4 v00000000029ca9d0_0, 0, 1;
    %pushi/vec4 1, 0, 1;
    %store/vec4 v00000000029ca2f0_0, 0, 1;
    %pushi/vec4 0, 0, 1;
    %store/vec4 v00000000029ca070_0, 0, 1;
    %pushi/vec4 1, 0, 1;
    %store/vec4 v00000000029cb330_0, 0, 1;
    %pushi/vec4 1, 0, 1;
    %store/vec4 v00000000029cba10_0, 0, 1;
    %pushi/vec4 1, 0, 1;
    %store/vec4 v00000000029cb470_0, 0, 1;
    %jmp T_6.22;
T_6.16 ;
    %pushi/vec4 0, 0, 1;
    %store/vec4 v00000000029cb290_0, 0, 1;
    %pushi/vec4 1, 0, 1;
    %store/vec4 v00000000029cb970_0, 0, 1;
    %pushi/vec4 0, 0, 1;
    %store/vec4 v00000000029cb790_0, 0, 1;
    %pushi/vec4 0, 0, 1;
    %store/vec4 v00000000029cac50_0, 0, 1;
    %pushi/vec4 1, 0, 1;
    %store/vec4 v00000000029cbab0_0, 0, 1;
    %pushi/vec4 3, 0, 3;
    %store/vec4 v00000000029cb150_0, 0, 3;
    %pushi/vec4 1, 0, 1;
    %store/vec4 v00000000029ca9d0_0, 0, 1;
    %pushi/vec4 1, 0, 1;
    %store/vec4 v00000000029ca2f0_0, 0, 1;
    %pushi/vec4 1, 0, 1;
    %store/vec4 v00000000029ca070_0, 0, 1;
    %pushi/vec4 1, 0, 1;
    %store/vec4 v00000000029cb330_0, 0, 1;
    %pushi/vec4 0, 0, 1;
    %store/vec4 v00000000029cba10_0, 0, 1;
    %pushi/vec4 1, 0, 1;
    %store/vec4 v00000000029cb470_0, 0, 1;
    %jmp T_6.22;
T_6.17 ;
    %pushi/vec4 1, 0, 1;
    %store/vec4 v00000000029cb290_0, 0, 1;
    %pushi/vec4 1, 0, 1;
    %store/vec4 v00000000029cb970_0, 0, 1;
    %pushi/vec4 0, 0, 1;
    %store/vec4 v00000000029cb790_0, 0, 1;
    %pushi/vec4 0, 0, 1;
    %store/vec4 v00000000029cac50_0, 0, 1;
    %pushi/vec4 1, 0, 1;
    %store/vec4 v00000000029cbab0_0, 0, 1;
    %pushi/vec4 3, 0, 3;
    %store/vec4 v00000000029cb150_0, 0, 3;
    %pushi/vec4 0, 0, 1;
    %store/vec4 v00000000029ca9d0_0, 0, 1;
    %pushi/vec4 1, 0, 1;
    %store/vec4 v00000000029ca2f0_0, 0, 1;
    %pushi/vec4 1, 0, 1;
    %store/vec4 v00000000029ca070_0, 0, 1;
    %pushi/vec4 1, 0, 1;
    %store/vec4 v00000000029cb330_0, 0, 1;
    %pushi/vec4 1, 0, 1;
    %store/vec4 v00000000029cba10_0, 0, 1;
    %pushi/vec4 1, 0, 1;
    %store/vec4 v00000000029cb470_0, 0, 1;
    %jmp T_6.22;
T_6.18 ;
    %pushi/vec4 0, 0, 1;
    %store/vec4 v00000000029cb290_0, 0, 1;
    %pushi/vec4 0, 0, 1;
    %store/vec4 v00000000029cb970_0, 0, 1;
    %pushi/vec4 1, 0, 1;
    %store/vec4 v00000000029cb790_0, 0, 1;
    %pushi/vec4 1, 0, 1;
    %store/vec4 v00000000029cac50_0, 0, 1;
    %pushi/vec4 1, 0, 1;
    %store/vec4 v00000000029cbab0_0, 0, 1;
    %pushi/vec4 0, 0, 3;
    %store/vec4 v00000000029cb150_0, 0, 3;
    %pushi/vec4 1, 0, 1;
    %store/vec4 v00000000029ca9d0_0, 0, 1;
    %pushi/vec4 1, 0, 1;
    %store/vec4 v00000000029ca2f0_0, 0, 1;
    %pushi/vec4 0, 0, 1;
    %store/vec4 v00000000029ca070_0, 0, 1;
    %pushi/vec4 1, 0, 1;
    %store/vec4 v00000000029cb330_0, 0, 1;
    %pushi/vec4 1, 0, 1;
    %store/vec4 v00000000029cba10_0, 0, 1;
    %pushi/vec4 1, 0, 1;
    %store/vec4 v00000000029cb470_0, 0, 1;
    %jmp T_6.22;
T_6.19 ;
    %pushi/vec4 0, 0, 1;
    %store/vec4 v00000000029cb290_0, 0, 1;
    %pushi/vec4 1, 0, 1;
    %store/vec4 v00000000029cb970_0, 0, 1;
    %pushi/vec4 1, 0, 1;
    %store/vec4 v00000000029cb790_0, 0, 1;
    %pushi/vec4 1, 0, 1;
    %store/vec4 v00000000029cac50_0, 0, 1;
    %pushi/vec4 1, 0, 1;
    %store/vec4 v00000000029cbab0_0, 0, 1;
    %pushi/vec4 0, 0, 3;
    %store/vec4 v00000000029cb150_0, 0, 3;
    %pushi/vec4 1, 0, 1;
    %store/vec4 v00000000029ca9d0_0, 0, 1;
    %pushi/vec4 1, 0, 1;
    %store/vec4 v00000000029ca2f0_0, 0, 1;
    %pushi/vec4 0, 0, 1;
    %store/vec4 v00000000029ca070_0, 0, 1;
    %pushi/vec4 1, 0, 1;
    %store/vec4 v00000000029cb330_0, 0, 1;
    %pushi/vec4 1, 0, 1;
    %store/vec4 v00000000029cba10_0, 0, 1;
    %pushi/vec4 0, 0, 1;
    %store/vec4 v00000000029cb470_0, 0, 1;
    %jmp T_6.22;
T_6.20 ;
    %pushi/vec4 0, 0, 1;
    %store/vec4 v00000000029cb290_0, 0, 1;
    %pushi/vec4 1, 0, 1;
    %store/vec4 v00000000029cb970_0, 0, 1;
    %pushi/vec4 0, 0, 1;
    %store/vec4 v00000000029cb790_0, 0, 1;
    %pushi/vec4 0, 0, 1;
    %store/vec4 v00000000029cac50_0, 0, 1;
    %pushi/vec4 0, 0, 1;
    %store/vec4 v00000000029cbab0_0, 0, 1;
    %pushi/vec4 4, 0, 3;
    %store/vec4 v00000000029cb150_0, 0, 3;
    %pushi/vec4 1, 0, 1;
    %store/vec4 v00000000029ca9d0_0, 0, 1;
    %pushi/vec4 1, 0, 1;
    %store/vec4 v00000000029ca2f0_0, 0, 1;
    %pushi/vec4 1, 0, 1;
    %store/vec4 v00000000029ca070_0, 0, 1;
    %pushi/vec4 1, 0, 1;
    %store/vec4 v00000000029cb330_0, 0, 1;
    %pushi/vec4 0, 0, 1;
    %store/vec4 v00000000029cba10_0, 0, 1;
    %pushi/vec4 1, 0, 1;
    %store/vec4 v00000000029cb470_0, 0, 1;
    %jmp T_6.22;
T_6.21 ;
    %pushi/vec4 1, 0, 1;
    %store/vec4 v00000000029cb290_0, 0, 1;
    %pushi/vec4 1, 0, 1;
    %store/vec4 v00000000029cb970_0, 0, 1;
    %pushi/vec4 0, 0, 1;
    %store/vec4 v00000000029cb790_0, 0, 1;
    %pushi/vec4 0, 0, 1;
    %store/vec4 v00000000029cac50_0, 0, 1;
    %pushi/vec4 0, 0, 1;
    %store/vec4 v00000000029cbab0_0, 0, 1;
    %pushi/vec4 4, 0, 3;
    %store/vec4 v00000000029cb150_0, 0, 3;
    %pushi/vec4 0, 0, 1;
    %store/vec4 v00000000029ca9d0_0, 0, 1;
    %pushi/vec4 1, 0, 1;
    %store/vec4 v00000000029ca2f0_0, 0, 1;
    %pushi/vec4 1, 0, 1;
    %store/vec4 v00000000029ca070_0, 0, 1;
    %pushi/vec4 1, 0, 1;
    %store/vec4 v00000000029cb330_0, 0, 1;
    %pushi/vec4 1, 0, 1;
    %store/vec4 v00000000029cba10_0, 0, 1;
    %pushi/vec4 1, 0, 1;
    %store/vec4 v00000000029cb470_0, 0, 1;
    %jmp T_6.22;
T_6.22 ;
    %pop/vec4 1;
    %jmp T_6;
    .thread T_6, $push;
    .scope S_0000000000897e70;
T_7 ;
    %wait E_00000000008b9bd0;
    %load/vec4 v00000000008af090_0;
    %dup/vec4;
    %pushi/vec4 8, 0, 4;
    %cmp/z;
    %jmp/1 T_7.0, 4;
    %dup/vec4;
    %pushi/vec4 1, 0, 4;
    %cmp/z;
    %jmp/1 T_7.1, 4;
    %dup/vec4;
    %pushi/vec4 2, 8, 4;
    %cmp/z;
    %jmp/1 T_7.2, 4;
    %dup/vec4;
    %pushi/vec4 11, 0, 4;
    %cmp/z;
    %jmp/1 T_7.3, 4;
    %dup/vec4;
    %pushi/vec4 4, 8, 4;
    %cmp/z;
    %jmp/1 T_7.4, 4;
    %jmp T_7.5;
T_7.0 ;
    %load/vec4 v00000000008af310_0;
    %store/vec4 v00000000008af6d0_0, 0, 4;
    %pushi/vec4 1, 0, 1;
    %store/vec4 v00000000008aeeb0_0, 0, 1;
    %pushi/vec4 1, 0, 1;
    %store/vec4 v00000000008af4f0_0, 0, 1;
    %jmp T_7.5;
T_7.1 ;
    %load/vec4 v00000000008af310_0;
    %store/vec4 v00000000008af6d0_0, 0, 4;
    %load/vec4 v00000000008af310_0;
    %pad/u 32;
    %load/vec4 v00000000008af8b0_0;
    %pad/u 32;
    %sub;
    %cmpi/e 0, 0, 32;
    %jmp/0xz  T_7.6, 4;
    %pushi/vec4 0, 0, 1;
    %store/vec4 v00000000008af4f0_0, 0, 1;
    %jmp T_7.7;
T_7.6 ;
    %pushi/vec4 1, 0, 1;
    %store/vec4 v00000000008af4f0_0, 0, 1;
T_7.7 ;
    %jmp T_7.5;
T_7.2 ;
    %load/vec4 v00000000008af8b0_0;
    %store/vec4 v00000000008af6d0_0, 0, 4;
    %pushi/vec4 1, 0, 1;
    %store/vec4 v00000000008aeeb0_0, 0, 1;
    %pushi/vec4 1, 0, 1;
    %store/vec4 v00000000008af4f0_0, 0, 1;
    %jmp T_7.5;
T_7.3 ;
    %load/vec4 v00000000008af310_0;
    %load/vec4 v00000000008af8b0_0;
    %add;
    %store/vec4 v00000000008af6d0_0, 0, 4;
    %pushi/vec4 15, 0, 32;
    %load/vec4 v00000000008af310_0;
    %pad/u 32;
    %load/vec4 v00000000008af8b0_0;
    %pad/u 32;
    %add;
    %cmp/u;
    %jmp/0xz  T_7.8, 5;
    %pushi/vec4 0, 0, 1;
    %store/vec4 v00000000008aeeb0_0, 0, 1;
    %jmp T_7.9;
T_7.8 ;
    %load/vec4 v00000000008af6d0_0;
    %pad/u 32;
    %cmpi/e 0, 0, 32;
    %jmp/0xz  T_7.10, 4;
    %pushi/vec4 0, 0, 1;
    %store/vec4 v00000000008af4f0_0, 0, 1;
    %jmp T_7.11;
T_7.10 ;
    %pushi/vec4 1, 0, 1;
    %store/vec4 v00000000008aeeb0_0, 0, 1;
    %pushi/vec4 1, 0, 1;
    %store/vec4 v00000000008af4f0_0, 0, 1;
T_7.11 ;
T_7.9 ;
    %jmp T_7.5;
T_7.4 ;
    %load/vec4 v00000000008af310_0;
    %load/vec4 v00000000008af8b0_0;
    %or;
    %inv;
    %store/vec4 v00000000008af6d0_0, 0, 4;
    %load/vec4 v00000000008af6d0_0;
    %pad/u 32;
    %cmpi/e 0, 0, 32;
    %jmp/0xz  T_7.12, 4;
    %pushi/vec4 0, 0, 1;
    %store/vec4 v00000000008af4f0_0, 0, 1;
    %jmp T_7.13;
T_7.12 ;
    %pushi/vec4 1, 0, 1;
    %store/vec4 v00000000008af4f0_0, 0, 1;
T_7.13 ;
    %jmp T_7.5;
T_7.5 ;
    %pop/vec4 1;
    %jmp T_7;
    .thread T_7, $push;
    .scope S_0000000000897cf0;
T_8 ;
    %wait E_00000000008b9c50;
    %load/vec4 v00000000008aecd0_0;
    %flag_set/vec4 8;
    %jmp/0xz  T_8.0, 8;
    %pushi/vec4 0, 0, 4;
    %assign/vec4 v00000000008aec30_0, 0;
    %jmp T_8.1;
T_8.0 ;
    %load/vec4 v00000000008af270_0;
    %assign/vec4 v00000000008aec30_0, 0;
T_8.1 ;
    %jmp T_8;
    .thread T_8;
    .scope S_000000000085c4e0;
T_9 ;
    %vpi_call/w 2 34 "$display", "Tiempo\011\011\011salida_acumulador \011reloj \011\011fase \011incPC \011notLoadPC \011\011instruction \011direccion_PC \011Carga" {0 0 0};
    %vpi_call/w 2 35 "$monitor", "%d \011%b \011\011\011%b \011\011%b \011%b \011\011%b \011\011%b \011\011%b \011%b", $time, v000000000090cf80_0, v000000000090cd00_0, v000000000090cee0_0, v000000000090d340_0, v000000000090dc00_0, v000000000090e420_0, v000000000090d2a0_0, v000000000090e600_0 {0 0 0};
    %pushi/vec4 0, 0, 1;
    %store/vec4 v000000000090e740_0, 0, 1;
    %pushi/vec4 0, 0, 1;
    %store/vec4 v000000000090d160_0, 0, 1;
    %delay 1, 0;
    %pushi/vec4 1, 0, 1;
    %store/vec4 v000000000090e740_0, 0, 1;
    %delay 1, 0;
    %pushi/vec4 0, 0, 1;
    %store/vec4 v000000000090e740_0, 0, 1;
    %end;
    .thread T_9;
    .scope S_000000000085c4e0;
T_10 ;
    %delay 150, 0;
    %vpi_call/w 2 49 "$finish" {0 0 0};
    %end;
    .thread T_10;
    .scope S_000000000085c4e0;
T_11 ;
    %delay 5, 0;
    %load/vec4 v000000000090d160_0;
    %inv;
    %store/vec4 v000000000090d160_0, 0, 1;
    %jmp T_11;
    .thread T_11;
# The file index is used to find the file name in the following table.
:file_names 12;
    "N/A";
    "<interactive>";
    "NIBBLER_Testbench.sv";
    "./NIBBLER.sv";
    "./A.sv";
    "./ALU.sv";
    "./FETCH.sv";
    "./FLAGS.sv";
    "./uROM.sv";
    "./PC.sv";
    "./PHASE.sv";
    "./PROG_ROM.sv";
